#
# There is insufficient memory for the Java Runtime Environment to continue.
# Native memory allocation (malloc) failed to allocate 32744 bytes for ChunkPool::allocate
# Possible reasons:
#   The system is out of physical RAM or swap space
#   In 32 bit mode, the process size limit was hit
# Possible solutions:
#   Reduce memory load on the system
#   Increase physical memory or swap space
#   Check if swap backing store is full
#   Use 64 bit Java on a 64 bit OS
#   Decrease Java heap size (-Xmx/-Xms)
#   Decrease number of Java threads
#   Decrease Java thread stack sizes (-Xss)
#   Set larger code cache with -XX:ReservedCodeCacheSize=
#
#  Out of Memory Error (allocation.cpp:273)
Failed to write core dump. Minidumps are not enabled by default on client versions of Windows
#

---------------  T H R E A D  ---------------

Current thread (0x000000001a240800):  JavaThread "restartedMain" [_thread_in_vm, id=25356, stack(0x000000001b7a0000,0x000000001b8a0000)]

Stack: [0x000000001b7a0000,0x000000001b8a0000]
[error occurred during error reporting (printing stack bounds), id 0xc0000005]

Native frames: (J=compiled Java code, j=interpreted, Vv=VM code, C=native code)

Java frames: (J=compiled Java code, j=interpreted, Vv=VM code)
J 830  java.lang.ClassLoader.defineClass1(Ljava/lang/String;[BIILjava/security/ProtectionDomain;Ljava/lang/String;)Ljava/lang/Class; (0 bytes) @ 0x0000000002baad5f [0x0000000002baacc0+0x9f]
J 798 C1 java.lang.ClassLoader.defineClass(Ljava/lang/String;[BIILjava/security/ProtectionDomain;)Ljava/lang/Class; (43 bytes) @ 0x0000000002b9839c [0x0000000002b982a0+0xfc]
J 802 C1 java.net.URLClassLoader.defineClass(Ljava/lang/String;Lsun/misc/Resource;)Ljava/lang/Class; (142 bytes) @ 0x0000000002b9aecc [0x0000000002b9a500+0x9cc]
J 759 C1 java.net.URLClassLoader$1.run()Ljava/lang/Class; (63 bytes) @ 0x0000000002b88274 [0x0000000002b881c0+0xb4]
J 758 C1 java.net.URLClassLoader$1.run()Ljava/lang/Object; (5 bytes) @ 0x0000000002b87e94 [0x0000000002b87e60+0x34]
v  ~StubRoutines::call_stub
J 757  java.security.AccessController.doPrivileged(Ljava/security/PrivilegedExceptionAction;Ljava/security/AccessControlContext;)Ljava/lang/Object; (0 bytes) @ 0x0000000002b87b26 [0x0000000002b87ac0+0x66]
J 485 C1 java.net.URLClassLoader.findClass(Ljava/lang/String;)Ljava/lang/Class; (47 bytes) @ 0x0000000002b24af4 [0x0000000002b24a40+0xb4]
J 464 C1 java.lang.ClassLoader.loadClass(Ljava/lang/String;Z)Ljava/lang/Class; (122 bytes) @ 0x0000000002b125e4 [0x0000000002b122e0+0x304]
J 524 C1 sun.misc.Launcher$AppClassLoader.loadClass(Ljava/lang/String;Z)Ljava/lang/Class; (85 bytes) @ 0x0000000002b31284 [0x0000000002b30fa0+0x2e4]
J 523 C1 java.lang.ClassLoader.loadClass(Ljava/lang/String;)Ljava/lang/Class; (7 bytes) @ 0x0000000002b30c64 [0x0000000002b30c20+0x44]
v  ~StubRoutines::call_stub
J 2152  java.lang.Class.getDeclaredMethods0(Z)[Ljava/lang/reflect/Method; (0 bytes) @ 0x0000000002d82e7b [0x0000000002d82e40+0x3b]
J 731 C1 java.lang.Class.privateGetDeclaredMethods(Z)[Ljava/lang/reflect/Method; (67 bytes) @ 0x0000000002b7aa04 [0x0000000002b7a900+0x104]
J 3385 C1 org.springframework.util.ReflectionUtils.getDeclaredMethods(Ljava/lang/Class;Z)[Ljava/lang/reflect/Method; (209 bytes) @ 0x0000000002f9e284 [0x0000000002f9e1c0+0xc4]
J 3765 C1 org.springframework.util.ReflectionUtils.doWithLocalMethods(Ljava/lang/Class;Lorg/springframework/util/ReflectionUtils$MethodCallback;)V (89 bytes) @ 0x0000000003067f64 [0x0000000003067f40+0x24]
j  org.springframework.beans.factory.annotation.AutowiredAnnotationBeanPostProcessor.determineCandidateConstructors(Ljava/lang/Class;Ljava/lang/String;)[Ljava/lang/reflect/Constructor;+32
J 4589 C1 org.springframework.beans.factory.support.AbstractAutowireCapableBeanFactory.determineConstructorsFromBeanPostProcessors(Ljava/lang/Class;Ljava/lang/String;)[Ljava/lang/reflect/Constructor; (80 bytes) @ 0x00000000031d6f34 [0x00000000031d6d80+0x1b4]
J 4661 C1 org.springframework.beans.factory.support.AbstractAutowireCapableBeanFactory.createBeanInstance(Ljava/lang/String;Lorg/springframework/beans/factory/support/RootBeanDefinition;[Ljava/lang/Object;)Lorg/springframework/beans/BeanWrapper; (253 bytes) @ 0x00000000031f436c [0x00000000031f4080+0x2ec]
j  org.springframework.beans.factory.support.AbstractAutowireCapableBeanFactory.doCreateBean(Ljava/lang/String;Lorg/springframework/beans/factory/support/RootBeanDefinition;[Ljava/lang/Object;)Ljava/lang/Object;+34
j  org.springframework.beans.factory.support.AbstractAutowireCapableBeanFactory.createBean(Ljava/lang/String;Lorg/springframework/beans/factory/support/RootBeanDefinition;[Ljava/lang/Object;)Ljava/lang/Object;+169
j  org.springframework.beans.factory.support.AbstractBeanFactory.lambda$doGetBean$0(Ljava/lang/String;Lorg/springframework/beans/factory/support/RootBeanDefinition;[Ljava/lang/Object;)Ljava/lang/Object;+4
j  org.springframework.beans.factory.support.AbstractBeanFactory$$Lambda$168.getObject()Ljava/lang/Object;+16
J 4708 C1 org.springframework.beans.factory.support.DefaultSingletonBeanRegistry.getSingleton(Ljava/lang/String;Lorg/springframework/beans/factory/ObjectFactory;)Ljava/lang/Object; (297 bytes) @ 0x0000000003206394 [0x0000000003205ec0+0x4d4]
J 2975 C1 org.springframework.beans.factory.support.AbstractBeanFactory.doGetBean(Ljava/lang/String;Ljava/lang/Class;[Ljava/lang/Object;Z)Ljava/lang/Object; (833 bytes) @ 0x0000000002edfd54 [0x0000000002edf840+0x514]
J 5021 C1 org.springframework.beans.factory.support.DefaultListableBeanFactory.doResolveDependency(Lorg/springframework/beans/factory/config/DependencyDescriptor;Ljava/lang/String;Ljava/util/Set;Lorg/springframework/beans/TypeConverter;)Ljava/lang/Object; (530 bytes) @ 0x00000000032a2604 [0x00000000032a1540+0x10c4]
J 5015 C1 org.springframework.beans.factory.support.DefaultListableBeanFactory.resolveDependency(Lorg/springframework/beans/factory/config/DependencyDescriptor;Ljava/lang/String;Ljava/util/Set;Lorg/springframework/beans/TypeConverter;)Ljava/lang/Object; (116 bytes) @ 0x000000000329f3ec [0x000000000329f280+0x16c]
j  org.springframework.beans.factory.support.ConstructorResolver.resolveAutowiredArgument(Lorg/springframework/core/MethodParameter;Ljava/lang/String;Ljava/util/Set;Lorg/springframework/beans/TypeConverter;Z)Ljava/lang/Object;+79
j  org.springframework.beans.factory.support.ConstructorResolver.createArgumentArray(Ljava/lang/String;Lorg/springframework/beans/factory/support/RootBeanDefinition;Lorg/springframework/beans/factory/config/ConstructorArgumentValues;Lorg/springframework/beans/BeanWrapper;[Ljava/lang/Class;[Ljava/lang/String;Ljava/lang/reflect/Executable;ZZ)Lorg/springframework/beans/factory/support/ConstructorResolver$ArgumentsHolder;+434
j  org.springframework.beans.factory.support.ConstructorResolver.autowireConstructor(Ljava/lang/String;Lorg/springframework/beans/factory/support/RootBeanDefinition;[Ljava/lang/reflect/Constructor;[Ljava/lang/Object;)Lorg/springframework/beans/BeanWrapper;+542
J 4661 C1 org.springframework.beans.factory.support.AbstractAutowireCapableBeanFactory.createBeanInstance(Ljava/lang/String;Lorg/springframework/beans/factory/support/RootBeanDefinition;[Ljava/lang/Object;)Lorg/springframework/beans/BeanWrapper; (253 bytes) @ 0x00000000031f46bc [0x00000000031f4080+0x63c]
j  org.springframework.beans.factory.support.AbstractAutowireCapableBeanFactory.doCreateBean(Ljava/lang/String;Lorg/springframework/beans/factory/support/RootBeanDefinition;[Ljava/lang/Object;)Ljava/lang/Object;+34
j  org.springframework.beans.factory.support.AbstractAutowireCapableBeanFactory.createBean(Ljava/lang/String;Lorg/springframework/beans/factory/support/RootBeanDefinition;[Ljava/lang/Object;)Ljava/lang/Object;+169
j  org.springframework.beans.factory.support.AbstractBeanFactory.lambda$doGetBean$0(Ljava/lang/String;Lorg/springframework/beans/factory/support/RootBeanDefinition;[Ljava/lang/Object;)Ljava/lang/Object;+4
j  org.springframework.beans.factory.support.AbstractBeanFactory$$Lambda$168.getObject()Ljava/lang/Object;+16
J 4708 C1 org.springframework.beans.factory.support.DefaultSingletonBeanRegistry.getSingleton(Ljava/lang/String;Lorg/springframework/beans/factory/ObjectFactory;)Ljava/lang/Object; (297 bytes) @ 0x0000000003206394 [0x0000000003205ec0+0x4d4]
J 2975 C1 org.springframework.beans.factory.support.AbstractBeanFactory.doGetBean(Ljava/lang/String;Ljava/lang/Class;[Ljava/lang/Object;Z)Ljava/lang/Object; (833 bytes) @ 0x0000000002edfd54 [0x0000000002edf840+0x514]
J 4596 C1 org.springframework.beans.factory.support.AbstractBeanFactory.getBean(Ljava/lang/String;)Ljava/lang/Object; (9 bytes) @ 0x00000000031d9f4c [0x00000000031d9f00+0x4c]
j  org.springframework.beans.factory.support.DefaultListableBeanFactory.preInstantiateSingletons()V+248
j  org.springframework.context.support.AbstractApplicationContext.finishBeanFactoryInitialization(Lorg/springframework/beans/factory/config/ConfigurableListableBeanFactory;)V+124
j  org.springframework.context.support.AbstractApplicationContext.refresh()V+54
j  org.springframework.boot.web.servlet.context.ServletWebServerApplicationContext.refresh()V+1
j  org.springframework.boot.SpringApplication.refresh(Lorg/springframework/context/ApplicationContext;)V+10
j  org.springframework.boot.SpringApplication.refreshContext(Lorg/springframework/context/ConfigurableApplicationContext;)V+2
j  org.springframework.boot.SpringApplication.run([Ljava/lang/String;)Lorg/springframework/context/ConfigurableApplicationContext;+118
j  org.springframework.boot.SpringApplication.run([Ljava/lang/Class;[Ljava/lang/String;)Lorg/springframework/context/ConfigurableApplicationContext;+9
j  org.springframework.boot.SpringApplication.run(Ljava/lang/Class;[Ljava/lang/String;)Lorg/springframework/context/ConfigurableApplicationContext;+9
j  com.javahly.trainingservice.TrainingServiceApplication.main([Ljava/lang/String;)V+3
v  ~StubRoutines::call_stub
j  sun.reflect.NativeMethodAccessorImpl.invoke0(Ljava/lang/reflect/Method;Ljava/lang/Object;[Ljava/lang/Object;)Ljava/lang/Object;+0
j  sun.reflect.NativeMethodAccessorImpl.invoke(Ljava/lang/Object;[Ljava/lang/Object;)Ljava/lang/Object;+100
j  sun.reflect.DelegatingMethodAccessorImpl.invoke(Ljava/lang/Object;[Ljava/lang/Object;)Ljava/lang/Object;+6
j  java.lang.reflect.Method.invoke(Ljava/lang/Object;[Ljava/lang/Object;)Ljava/lang/Object;+56
j  org.springframework.boot.devtools.restart.RestartLauncher.run()V+41
v  ~StubRoutines::call_stub

---------------  P R O C E S S  ---------------

Java Threads: ( => current thread )
  0x000000001d7de800 JavaThread "container-0" [_thread_blocked, id=27288, stack(0x000000001f370000,0x000000001f470000)]
  0x000000001d7de000 JavaThread "Catalina-utility-2" [_thread_blocked, id=27120, stack(0x000000001f270000,0x000000001f370000)]
  0x000000001d7df800 JavaThread "Catalina-utility-1" [_thread_blocked, id=15040, stack(0x000000001f170000,0x000000001f270000)]
  0x000000001d7e1000 JavaThread "AsyncReporter{org.springframework.cloud.sleuth.zipkin2.sender.RestTemplateSender@5fdc243}" daemon [_thread_blocked, id=28240, stack(0x000000001f070000,0x000000001f170000)]
  0x000000001d7e0000 JavaThread "spring.cloud.inetutils" daemon [_thread_blocked, id=28504, stack(0x000000001ef70000,0x000000001f070000)]
  0x000000001d7d9800 JavaThread "Apollo-SpringValueRegistry-1" daemon [_thread_blocked, id=28064, stack(0x000000001ee70000,0x000000001ef70000)]
  0x000000001a7ee000 JavaThread "commons-pool-evictor-thread" daemon [_thread_blocked, id=21400, stack(0x000000001ed70000,0x000000001ee70000)]
  0x000000001a7ed000 JavaThread "MasterListener-mymaster-[106.13.1.171:26379]" daemon [_thread_in_native, id=25748, stack(0x000000001ec70000,0x000000001ed70000)]
  0x000000001a7eb800 JavaThread "MasterListener-mymaster-[123.56.219.53:26379]" daemon [_thread_in_native, id=9132, stack(0x000000001eb70000,0x000000001ec70000)]
  0x000000001a7eb000 JavaThread "MasterListener-mymaster-[106.13.9.117:26379]" daemon [_thread_in_native, id=5756, stack(0x000000001ea70000,0x000000001eb70000)]
  0x000000001a7ec800 JavaThread "RMI TCP Connection(4)-192.168.1.111" daemon [_thread_in_native, id=27192, stack(0x000000001cda0000,0x000000001cea0000)]
  0x000000001a7e8800 JavaThread "Keep-Alive-Timer" daemon [_thread_blocked, id=27584, stack(0x000000001c5a0000,0x000000001c6a0000)]
  0x000000001a7ef800 JavaThread "Apollo-RemoteConfigLongPollService-1" daemon [_thread_in_native, id=25432, stack(0x000000001c7a0000,0x000000001c8a0000)]
  0x000000001a7e9800 JavaThread "Apollo-RemoteConfigRepository-1" daemon [_thread_blocked, id=2420, stack(0x000000001c6a0000,0x000000001c7a0000)]
=>0x000000001a240800 JavaThread "restartedMain" [_thread_in_vm, id=25356, stack(0x000000001b7a0000,0x000000001b8a0000)]
  0x000000001a23f800 JavaThread "Thread-3" [_thread_blocked, id=22724, stack(0x000000001b6a0000,0x000000001b7a0000)]
  0x000000001a0b1000 JavaThread "RMI TCP Connection(3)-192.168.1.111" daemon [_thread_in_native, id=27296, stack(0x000000001b3a0000,0x000000001b4a0000)]
  0x000000001a0ba000 JavaThread "RMI Scheduler(0)" daemon [_thread_blocked, id=28224, stack(0x000000001b2a0000,0x000000001b3a0000)]
  0x000000001a098000 JavaThread "RMI TCP Connection(1)-127.0.0.1" daemon [_thread_in_native, id=18204, stack(0x000000001afa0000,0x000000001b0a0000)]
  0x00000000194b0000 JavaThread "RMI TCP Accept-0" daemon [_thread_in_native, id=26424, stack(0x0000000019d20000,0x0000000019e20000)]
  0x00000000194a8800 JavaThread "RMI TCP Accept-49586" daemon [_thread_in_native, id=22100, stack(0x0000000019c20000,0x0000000019d20000)]
  0x0000000019473000 JavaThread "RMI TCP Accept-0" daemon [_thread_in_native, id=14160, stack(0x0000000019b20000,0x0000000019c20000)]
  0x0000000019348000 JavaThread "Service Thread" daemon [_thread_blocked, id=25976, stack(0x00000000199f0000,0x0000000019af0000)]
  0x000000001921d000 JavaThread "C1 CompilerThread2" daemon [_thread_in_native, id=19692, stack(0x00000000198f0000,0x00000000199f0000)]
  0x000000001921c000 JavaThread "C2 CompilerThread1" daemon [_thread_blocked, id=24300, stack(0x00000000197f0000,0x00000000198f0000)]
  0x0000000019219800 JavaThread "C2 CompilerThread0" daemon [_thread_blocked, id=27932, stack(0x00000000196f0000,0x00000000197f0000)]
  0x000000001924e000 JavaThread "Monitor Ctrl-Break" daemon [_thread_in_native, id=24880, stack(0x00000000195f0000,0x00000000196f0000)]
  0x000000001743e800 JavaThread "Attach Listener" daemon [_thread_blocked, id=28024, stack(0x0000000018cf0000,0x0000000018df0000)]
  0x000000001743d800 JavaThread "Signal Dispatcher" daemon [_thread_blocked, id=28116, stack(0x0000000018bf0000,0x0000000018cf0000)]
  0x00000000173ea800 JavaThread "Finalizer" daemon [_thread_blocked, id=18704, stack(0x0000000018690000,0x0000000018790000)]
  0x00000000027cc000 JavaThread "Reference Handler" daemon [_thread_blocked, id=26864, stack(0x0000000018590000,0x0000000018690000)]
  0x00000000026d7000 JavaThread "main" [_thread_blocked, id=17120, stack(0x00000000025d0000,0x00000000026d0000)]

Other Threads:
  0x00000000173e9000 VMThread [stack: 0x0000000018490000,0x0000000018590000] [id=25788]
  0x00000000194b1000 WatcherThread [stack: 0x0000000019e20000,0x0000000019f20000] [id=8328]

VM state:synchronizing (normal execution)

VM Mutex/Monitor currently owned by a thread:  ([mutex/lock_event])
[0x00000000025cbac0] Threads_lock - owner thread: 0x00000000173e9000

Heap:
 PSYoungGen      total 199168K, used 104348K [0x00000000d6100000, 0x00000000e3200000, 0x0000000100000000)
  eden space 184832K, 51% used [0x00000000d6100000,0x00000000dbdcb0e0,0x00000000e1580000)
  from space 14336K, 65% used [0x00000000e2300000,0x00000000e2c1c2d0,0x00000000e3100000)
  to   space 13824K, 0% used [0x00000000e1580000,0x00000000e1580000,0x00000000e2300000)
 ParOldGen       total 73728K, used 23242K [0x0000000082200000, 0x0000000086a00000, 0x00000000d6100000)
  object space 73728K, 31% used [0x0000000082200000,0x00000000838b29b8,0x0000000086a00000)
 Metaspace       used 48460K, capacity 50768K, committed 51072K, reserved 1093632K
  class space    used 6585K, capacity 7010K, committed 7040K, reserved 1048576K

Card table byte_map: [0x0000000011d10000,0x0000000012100000] byte_map_base: 0x00000000118ff000

Marking Bits: (ParMarkBitMap*) 0x000000005c57a5b0
 Begin Bits: [0x00000000127a0000, 0x0000000014718000)
 End Bits:   [0x0000000014718000, 0x0000000016690000)

Polling page: 0x0000000000560000

CodeCache: size=245760Kb used=9569Kb max_used=9569Kb free=236190Kb
 bounds [0x0000000002950000, 0x00000000032b0000, 0x0000000011950000]
 total_blobs=5482 nmethods=4973 adapters=420
 compilation: enabled

Compilation events (10 events):
Event: 22.311 Thread 0x000000001921d000 nmethod 5021 0x00000000032a0ed0 code [0x00000000032a1540, 0x00000000032a35c8]
Event: 22.311 Thread 0x000000001921d000 5022       1       org.springframework.beans.factory.annotation.QualifierAnnotationAutowireCandidateResolver::getSuggestedValue (33 bytes)
Event: 22.312 Thread 0x000000001921d000 nmethod 5022 0x00000000032a70d0 code [0x00000000032a7340, 0x00000000032a7a58]
Event: 22.322 Thread 0x000000001921d000 5023       1       org.springframework.beans.factory.support.DefaultSingletonBeanRegistry::afterSingletonCreation (59 bytes)
Event: 22.322 Thread 0x000000001921d000 nmethod 5023 0x00000000032a82d0 code [0x00000000032a84a0, 0x00000000032a88e8]
Event: 22.330 Thread 0x000000001921d000 5024       1       org.springframework.asm.ClassReader::createLabel (21 bytes)
Event: 22.331 Thread 0x000000001921d000 nmethod 5024 0x00000000032a8b90 code [0x00000000032a8d00, 0x00000000032a8f90]
Event: 22.335 Thread 0x000000001921d000 5025       1       org.aspectj.weaver.TypeVariableReferenceType::equals (29 bytes)
Event: 22.335 Thread 0x000000001921d000 nmethod 5025 0x00000000032a9150 code [0x00000000032a92a0, 0x00000000032a9450]
Event: 22.343 Thread 0x000000001921d000 5026       1       org.springframework.asm.ClassReader::readCode (5085 bytes)

GC Heap History (10 events):
Event: 15.816 GC heap before
{Heap before GC invocations=10 (full 1):
 PSYoungGen      total 140800K, used 140780K [0x00000000d6100000, 0x00000000df500000, 0x0000000100000000)
  eden space 131072K, 100% used [0x00000000d6100000,0x00000000de100000,0x00000000de100000)
  from space 9728K, 99% used [0x00000000deb80000,0x00000000df4fb270,0x00000000df500000)
  to   space 10240K, 0% used [0x00000000de100000,0x00000000de100000,0x00000000deb00000)
 ParOldGen       total 51200K, used 6863K [0x0000000082200000, 0x0000000085400000, 0x00000000d6100000)
  object space 51200K, 13% used [0x0000000082200000,0x00000000828b3c08,0x0000000085400000)
 Metaspace       used 31957K, capacity 33270K, committed 33408K, reserved 1077248K
  class space    used 4441K, capacity 4723K, committed 4736K, reserved 1048576K
Event: 15.831 GC heap after
Heap after GC invocations=10 (full 1):
 PSYoungGen      total 141312K, used 10228K [0x00000000d6100000, 0x00000000e3100000, 0x0000000100000000)
  eden space 131072K, 0% used [0x00000000d6100000,0x00000000d6100000,0x00000000de100000)
  from space 10240K, 99% used [0x00000000de100000,0x00000000deafd360,0x00000000deb00000)
  to   space 14336K, 0% used [0x00000000e2300000,0x00000000e2300000,0x00000000e3100000)
 ParOldGen       total 51200K, used 9355K [0x0000000082200000, 0x0000000085400000, 0x00000000d6100000)
  object space 51200K, 18% used [0x0000000082200000,0x0000000082b22d18,0x0000000085400000)
 Metaspace       used 31957K, capacity 33270K, committed 33408K, reserved 1077248K
  class space    used 4441K, capacity 4723K, committed 4736K, reserved 1048576K
}
Event: 16.493 GC heap before
{Heap before GC invocations=11 (full 1):
 PSYoungGen      total 141312K, used 49653K [0x00000000d6100000, 0x00000000e3100000, 0x0000000100000000)
  eden space 131072K, 30% used [0x00000000d6100000,0x00000000d8780148,0x00000000de100000)
  from space 10240K, 99% used [0x00000000de100000,0x00000000deafd360,0x00000000deb00000)
  to   space 14336K, 0% used [0x00000000e2300000,0x00000000e2300000,0x00000000e3100000)
 ParOldGen       total 51200K, used 9355K [0x0000000082200000, 0x0000000085400000, 0x00000000d6100000)
  object space 51200K, 18% used [0x0000000082200000,0x0000000082b22d18,0x0000000085400000)
 Metaspace       used 33942K, capacity 35384K, committed 35456K, reserved 1079296K
  class space    used 4683K, capacity 4980K, committed 4992K, reserved 1048576K
Event: 16.514 GC heap after
Heap after GC invocations=11 (full 1):
 PSYoungGen      total 199168K, used 5644K [0x00000000d6100000, 0x00000000e3200000, 0x0000000100000000)
  eden space 184832K, 0% used [0x00000000d6100000,0x00000000d6100000,0x00000000e1580000)
  from space 14336K, 39% used [0x00000000e2300000,0x00000000e28833f0,0x00000000e3100000)
  to   space 13824K, 0% used [0x00000000e1580000,0x00000000e1580000,0x00000000e2300000)
 ParOldGen       total 51200K, used 14696K [0x0000000082200000, 0x0000000085400000, 0x00000000d6100000)
  object space 51200K, 28% used [0x0000000082200000,0x000000008305a1a0,0x0000000085400000)
 Metaspace       used 33942K, capacity 35384K, committed 35456K, reserved 1079296K
  class space    used 4683K, capacity 4980K, committed 4992K, reserved 1048576K
}
Event: 16.514 GC heap before
{Heap before GC invocations=12 (full 2):
 PSYoungGen      total 199168K, used 5644K [0x00000000d6100000, 0x00000000e3200000, 0x0000000100000000)
  eden space 184832K, 0% used [0x00000000d6100000,0x00000000d6100000,0x00000000e1580000)
  from space 14336K, 39% used [0x00000000e2300000,0x00000000e28833f0,0x00000000e3100000)
  to   space 13824K, 0% used [0x00000000e1580000,0x00000000e1580000,0x00000000e2300000)
 ParOldGen       total 51200K, used 14696K [0x0000000082200000, 0x0000000085400000, 0x00000000d6100000)
  object space 51200K, 28% used [0x0000000082200000,0x000000008305a1a0,0x0000000085400000)
 Metaspace       used 33942K, capacity 35384K, committed 35456K, reserved 1079296K
  class space    used 4683K, capacity 4980K, committed 4992K, reserved 1048576K
Event: 16.623 GC heap after
Heap after GC invocations=12 (full 2):
 PSYoungGen      total 199168K, used 0K [0x00000000d6100000, 0x00000000e3200000, 0x0000000100000000)
  eden space 184832K, 0% used [0x00000000d6100000,0x00000000d6100000,0x00000000e1580000)
  from space 14336K, 0% used [0x00000000e2300000,0x00000000e2300000,0x00000000e3100000)
  to   space 13824K, 0% used [0x00000000e1580000,0x00000000e1580000,0x00000000e2300000)
 ParOldGen       total 73728K, used 16067K [0x0000000082200000, 0x0000000086a00000, 0x00000000d6100000)
  object space 73728K, 21% used [0x0000000082200000,0x00000000831b0d98,0x0000000086a00000)
 Metaspace       used 33942K, capacity 35384K, committed 35456K, reserved 1079296K
  class space    used 4683K, capacity 4980K, committed 4992K, reserved 1048576K
}
Event: 18.303 GC heap before
{Heap before GC invocations=13 (full 2):
 PSYoungGen      total 199168K, used 184832K [0x00000000d6100000, 0x00000000e3200000, 0x0000000100000000)
  eden space 184832K, 100% used [0x00000000d6100000,0x00000000e1580000,0x00000000e1580000)
  from space 14336K, 0% used [0x00000000e2300000,0x00000000e2300000,0x00000000e3100000)
  to   space 13824K, 0% used [0x00000000e1580000,0x00000000e1580000,0x00000000e2300000)
 ParOldGen       total 73728K, used 16067K [0x0000000082200000, 0x0000000086a00000, 0x00000000d6100000)
  object space 73728K, 21% used [0x0000000082200000,0x00000000831b0d98,0x0000000086a00000)
 Metaspace       used 40641K, capacity 42622K, committed 42880K, reserved 1085440K
  class space    used 5505K, capacity 5911K, committed 6016K, reserved 1048576K
Event: 18.318 GC heap after
Heap after GC invocations=13 (full 2):
 PSYoungGen      total 198656K, used 13642K [0x00000000d6100000, 0x00000000e3200000, 0x0000000100000000)
  eden space 184832K, 0% used [0x00000000d6100000,0x00000000d6100000,0x00000000e1580000)
  from space 13824K, 98% used [0x00000000e1580000,0x00000000e22d2928,0x00000000e2300000)
  to   space 14336K, 0% used [0x00000000e2300000,0x00000000e2300000,0x00000000e3100000)
 ParOldGen       total 73728K, used 16075K [0x0000000082200000, 0x0000000086a00000, 0x00000000d6100000)
  object space 73728K, 21% used [0x0000000082200000,0x00000000831b2d98,0x0000000086a00000)
 Metaspace       used 40641K, capacity 42622K, committed 42880K, reserved 1085440K
  class space    used 5505K, capacity 5911K, committed 6016K, reserved 1048576K
}
Event: 21.182 GC heap before
{Heap before GC invocations=14 (full 2):
 PSYoungGen      total 198656K, used 198474K [0x00000000d6100000, 0x00000000e3200000, 0x0000000100000000)
  eden space 184832K, 100% used [0x00000000d6100000,0x00000000e1580000,0x00000000e1580000)
  from space 13824K, 98% used [0x00000000e1580000,0x00000000e22d2928,0x00000000e2300000)
  to   space 14336K, 0% used [0x00000000e2300000,0x00000000e2300000,0x00000000e3100000)
 ParOldGen       total 73728K, used 16075K [0x0000000082200000, 0x0000000086a00000, 0x00000000d6100000)
  object space 73728K, 21% used [0x0000000082200000,0x00000000831b2d98,0x0000000086a00000)
 Metaspace       used 44491K, capacity 46778K, committed 46976K, reserved 1089536K
  class space    used 6045K, capacity 6481K, committed 6528K, reserved 1048576K
Event: 21.201 GC heap after
Heap after GC invocations=14 (full 2):
 PSYoungGen      total 199168K, used 9328K [0x00000000d6100000, 0x00000000e3200000, 0x0000000100000000)
  eden space 184832K, 0% used [0x00000000d6100000,0x00000000d6100000,0x00000000e1580000)
  from space 14336K, 65% used [0x00000000e2300000,0x00000000e2c1c2d0,0x00000000e3100000)
  to   space 13824K, 0% used [0x00000000e1580000,0x00000000e1580000,0x00000000e2300000)
 ParOldGen       total 73728K, used 23242K [0x0000000082200000, 0x0000000086a00000, 0x00000000d6100000)
  object space 73728K, 31% used [0x0000000082200000,0x00000000838b29b8,0x0000000086a00000)
 Metaspace       used 44491K, capacity 46778K, committed 46976K, reserved 1089536K
  class space    used 6045K, capacity 6481K, committed 6528K, reserved 1048576K
}

Deoptimization events (0 events):
No events

Internal exceptions (10 events):
Event: 22.213 Thread 0x000000001a240800 Exception <a 'java/lang/ArrayIndexOutOfBoundsException'> (0x00000000dafb4110) thrown at [C:\workspace\8-2-build-windows-amd64-cygwin\jdk8u65\4987\hotspot\src\share\vm\runtime\sharedRuntime.cpp, line 605]
Event: 22.236 Thread 0x000000001a240800 Exception <a 'java/lang/ArrayIndexOutOfBoundsException'> (0x00000000db10bee8) thrown at [C:\workspace\8-2-build-windows-amd64-cygwin\jdk8u65\4987\hotspot\src\share\vm\runtime\sharedRuntime.cpp, line 605]
Event: 22.253 Thread 0x000000001a240800 Exception <a 'java/lang/ArrayIndexOutOfBoundsException'> (0x00000000db247168) thrown at [C:\workspace\8-2-build-windows-amd64-cygwin\jdk8u65\4987\hotspot\src\share\vm\runtime\sharedRuntime.cpp, line 605]
Event: 22.253 Thread 0x000000001a240800 Exception <a 'java/lang/ArrayIndexOutOfBoundsException'> (0x00000000db24d710) thrown at [C:\workspace\8-2-build-windows-amd64-cygwin\jdk8u65\4987\hotspot\src\share\vm\runtime\sharedRuntime.cpp, line 605]
Event: 22.254 Thread 0x000000001a240800 Exception <a 'java/lang/ArrayIndexOutOfBoundsException'> (0x00000000db2548c8) thrown at [C:\workspace\8-2-build-windows-amd64-cygwin\jdk8u65\4987\hotspot\src\share\vm\runtime\sharedRuntime.cpp, line 605]
Event: 22.258 Thread 0x000000001a240800 Exception <a 'java/lang/ArrayIndexOutOfBoundsException'> (0x00000000db2d79a8) thrown at [C:\workspace\8-2-build-windows-amd64-cygwin\jdk8u65\4987\hotspot\src\share\vm\runtime\sharedRuntime.cpp, line 605]
Event: 22.279 Thread 0x000000001a240800 Exception <a 'java/lang/ArrayIndexOutOfBoundsException'> (0x00000000db44e600) thrown at [C:\workspace\8-2-build-windows-amd64-cygwin\jdk8u65\4987\hotspot\src\share\vm\runtime\sharedRuntime.cpp, line 605]
Event: 22.320 Thread 0x000000001a240800 Exception <a 'java/lang/ArrayIndexOutOfBoundsException'> (0x00000000db7c0830) thrown at [C:\workspace\8-2-build-windows-amd64-cygwin\jdk8u65\4987\hotspot\src\share\vm\runtime\sharedRuntime.cpp, line 605]
Event: 22.328 Thread 0x000000001a240800 Exception <a 'java/lang/ArrayIndexOutOfBoundsException'> (0x00000000db828410) thrown at [C:\workspace\8-2-build-windows-amd64-cygwin\jdk8u65\4987\hotspot\src\share\vm\runtime\sharedRuntime.cpp, line 605]
Event: 22.334 Thread 0x000000001a240800 Exception <a 'java/lang/ArrayIndexOutOfBoundsException'> (0x00000000db8c4c20) thrown at [C:\workspace\8-2-build-windows-amd64-cygwin\jdk8u65\4987\hotspot\src\share\vm\runtime\sharedRuntime.cpp, line 605]

Events (10 events):
Event: 22.348 loading class springfox/documentation/service/ResolvedMethodParameter
Event: 22.348 loading class springfox/documentation/service/ResolvedMethodParameter done
Event: 22.355 loading class springfox/documentation/spi/schema/AlternateTypeProvider
Event: 22.355 loading class springfox/documentation/spi/schema/AlternateTypeProvider done
Event: 22.356 loading class springfox/documentation/spring/web/readers/parameter/ExpansionContext
Event: 22.356 loading class springfox/documentation/spring/web/readers/parameter/ExpansionContext done
Event: 22.357 loading class java/beans/IntrospectionException
Event: 22.357 loading class java/beans/IntrospectionException done
Event: 22.357 loading class springfox/documentation/spring/web/readers/parameter/ModelAttributeField
Event: 22.357 loading class springfox/documentation/spring/web/readers/parameter/ModelAttributeField done


Dynamic libraries:
0x00007ff64e250000 - 0x00007ff64e287000 	G:\jdk\bin\java.exe
0x00007ffb34ba0000 - 0x00007ffb34d90000 	C:\WINDOWS\SYSTEM32\ntdll.dll
0x00007ffb330c0000 - 0x00007ffb33172000 	C:\WINDOWS\System32\KERNEL32.DLL
0x00007ffb329a0000 - 0x00007ffb32c43000 	C:\WINDOWS\System32\KERNELBASE.dll
0x00007ffb33ce0000 - 0x00007ffb33d83000 	C:\WINDOWS\System32\ADVAPI32.dll
0x00007ffb34560000 - 0x00007ffb345fe000 	C:\WINDOWS\System32\msvcrt.dll
0x00007ffb34780000 - 0x00007ffb34817000 	C:\WINDOWS\System32\sechost.dll
0x00007ffb348a0000 - 0x00007ffb349c0000 	C:\WINDOWS\System32\RPCRT4.dll
0x00007ffb349c0000 - 0x00007ffb34b54000 	C:\WINDOWS\System32\USER32.dll
0x00007ffb327c0000 - 0x00007ffb327e1000 	C:\WINDOWS\System32\win32u.dll
0x00007ffb32e40000 - 0x00007ffb32e66000 	C:\WINDOWS\System32\GDI32.dll
0x00007ffb325f0000 - 0x00007ffb32784000 	C:\WINDOWS\System32\gdi32full.dll
0x00007ffb327f0000 - 0x00007ffb3288e000 	C:\WINDOWS\System32\msvcp_win.dll
0x00007ffb31d70000 - 0x00007ffb31e6a000 	C:\WINDOWS\System32\ucrtbase.dll
0x00007ffb276b0000 - 0x00007ffb27935000 	C:\WINDOWS\WinSxS\amd64_microsoft.windows.common-controls_6595b64144ccf1df_6.0.18362.778_none_e6c6b761130d4fb8\COMCTL32.dll
0x00007ffb34220000 - 0x00007ffb34556000 	C:\WINDOWS\System32\combase.dll
0x00007ffb31ba0000 - 0x00007ffb31c20000 	C:\WINDOWS\System32\bcryptPrimitives.dll
0x00007ffb34600000 - 0x00007ffb3462e000 	C:\WINDOWS\System32\IMM32.DLL
0x000000005d4e0000 - 0x000000005d5b2000 	G:\jdk\jre\bin\msvcr100.dll
0x000000005bd70000 - 0x000000005c5f9000 	G:\jdk\jre\bin\server\jvm.dll
0x00007ffb32ed0000 - 0x00007ffb32ed8000 	C:\WINDOWS\System32\PSAPI.DLL
0x00007ffb15b90000 - 0x00007ffb15b99000 	C:\WINDOWS\SYSTEM32\WSOCK32.dll
0x00007ffb2d630000 - 0x00007ffb2d654000 	C:\WINDOWS\SYSTEM32\WINMM.dll
0x00007ffb34830000 - 0x00007ffb3489f000 	C:\WINDOWS\System32\WS2_32.dll
0x00007ffb2d5f0000 - 0x00007ffb2d5fa000 	C:\WINDOWS\SYSTEM32\VERSION.dll
0x00007ffb2d600000 - 0x00007ffb2d62d000 	C:\WINDOWS\SYSTEM32\WINMMBASE.dll
0x00007ffb31b50000 - 0x00007ffb31b9a000 	C:\WINDOWS\System32\cfgmgr32.dll
0x000000005d4d0000 - 0x000000005d4df000 	G:\jdk\jre\bin\verify.dll
0x000000005d4a0000 - 0x000000005d4c9000 	G:\jdk\jre\bin\java.dll
0x000000005d400000 - 0x000000005d423000 	G:\jdk\jre\bin\instrument.dll
0x000000005d480000 - 0x000000005d496000 	G:\jdk\jre\bin\zip.dll
0x00007ffb33440000 - 0x00007ffb33b25000 	C:\WINDOWS\System32\SHELL32.dll
0x00007ffb33250000 - 0x00007ffb332f9000 	C:\WINDOWS\System32\shcore.dll
0x00007ffb31e70000 - 0x00007ffb325f0000 	C:\WINDOWS\System32\windows.storage.dll
0x00007ffb31ac0000 - 0x00007ffb31ae3000 	C:\WINDOWS\System32\profapi.dll
0x00007ffb31a70000 - 0x00007ffb31aba000 	C:\WINDOWS\System32\powrprof.dll
0x00007ffb31a60000 - 0x00007ffb31a70000 	C:\WINDOWS\System32\UMPDC.dll
0x00007ffb333d0000 - 0x00007ffb33422000 	C:\WINDOWS\System32\shlwapi.dll
0x00007ffb31b10000 - 0x00007ffb31b21000 	C:\WINDOWS\System32\kernel.appcore.dll
0x00007ffb31b30000 - 0x00007ffb31b47000 	C:\WINDOWS\System32\cryptsp.dll
0x00007ffb2ce70000 - 0x00007ffb2ce8a000 	E:\ideaIU-2017.3.win\bin\breakgen64.dll
0x000000005d460000 - 0x000000005d47a000 	G:\jdk\jre\bin\net.dll
0x00007ffb312d0000 - 0x00007ffb31337000 	C:\WINDOWS\system32\mswsock.dll
0x000000005d430000 - 0x000000005d43d000 	G:\jdk\jre\bin\management.dll
0x000000005d440000 - 0x000000005d451000 	G:\jdk\jre\bin\nio.dll
0x00007ffb119d0000 - 0x00007ffb119e6000 	C:\WINDOWS\system32\napinsp.dll
0x00007ffb119b0000 - 0x00007ffb119ca000 	C:\WINDOWS\system32\pnrpnsp.dll
0x00007ffb31020000 - 0x00007ffb310ea000 	C:\WINDOWS\SYSTEM32\DNSAPI.dll
0x00007ffb34820000 - 0x00007ffb34828000 	C:\WINDOWS\System32\NSI.dll
0x00007ffb30fe0000 - 0x00007ffb3101a000 	C:\WINDOWS\SYSTEM32\IPHLPAPI.DLL
0x00007ffb119a0000 - 0x00007ffb119ae000 	C:\WINDOWS\System32\winrnr.dll
0x00007ffb2e380000 - 0x00007ffb2e39c000 	C:\WINDOWS\system32\NLAapi.dll
0x00007ffb2d7c0000 - 0x00007ffb2d7d5000 	C:\WINDOWS\system32\wshbth.dll
0x00007ffb0d950000 - 0x00007ffb0da5d000 	C:\WINDOWS\SysWOW64\ierd_tgp_lsp64.dll
0x00007ffb32f60000 - 0x00007ffb330b7000 	C:\WINDOWS\System32\ole32.dll
0x00007ffb23970000 - 0x00007ffb2397a000 	C:\WINDOWS\system32\wshqos.dll
0x00007ffb23960000 - 0x00007ffb23968000 	C:\WINDOWS\SYSTEM32\wshtcpip.DLL
0x00007ffb114f0000 - 0x00007ffb114f8000 	C:\WINDOWS\SYSTEM32\wship6.dll
0x00007ffb2bf50000 - 0x00007ffb2bf5a000 	C:\Windows\System32\rasadhlp.dll
0x00007ffb22470000 - 0x00007ffb224e7000 	C:\WINDOWS\System32\fwpuclnt.dll
0x00007ffb32790000 - 0x00007ffb327b6000 	C:\WINDOWS\System32\bcrypt.dll
0x00007ffb30e40000 - 0x00007ffb30e73000 	C:\WINDOWS\system32\rsaenh.dll
0x00007ffb31950000 - 0x00007ffb31975000 	C:\WINDOWS\SYSTEM32\USERENV.dll
0x00007ffb314a0000 - 0x00007ffb314ac000 	C:\WINDOWS\SYSTEM32\CRYPTBASE.dll
0x00007ffb21ed0000 - 0x00007ffb21ee6000 	C:\WINDOWS\SYSTEM32\dhcpcsvc6.DLL
0x00007ffb21eb0000 - 0x00007ffb21ecc000 	C:\WINDOWS\SYSTEM32\dhcpcsvc.DLL

VM Arguments:
jvm_args: -Dapollo.configService=http://49.233.192.8:8080 -XX:TieredStopAtLevel=1 -Xverify:none -Dspring.output.ansi.enabled=always -Dcom.sun.management.jmxremote -Dcom.sun.management.jmxremote.port=49586 -Dcom.sun.management.jmxremote.authenticate=false -Dcom.sun.management.jmxremote.ssl=false -Dspring.liveBeansView.mbeanDomain -Dspring.application.admin.enabled=true -javaagent:E:\ideaIU-2017.3.win\lib\idea_rt.jar=49587:E:\ideaIU-2017.3.win\bin -Dfile.encoding=UTF-8 
java_command: com.javahly.trainingservice.TrainingServiceApplication
java_class_path (initial): G:\jdk\jre\lib\charsets.jar;G:\jdk\jre\lib\deploy.jar;G:\jdk\jre\lib\ext\access-bridge-64.jar;G:\jdk\jre\lib\ext\cldrdata.jar;G:\jdk\jre\lib\ext\dnsns.jar;G:\jdk\jre\lib\ext\jaccess.jar;G:\jdk\jre\lib\ext\jfxrt.jar;G:\jdk\jre\lib\ext\localedata.jar;G:\jdk\jre\lib\ext\nashorn.jar;G:\jdk\jre\lib\ext\sunec.jar;G:\jdk\jre\lib\ext\sunjce_provider.jar;G:\jdk\jre\lib\ext\sunmscapi.jar;G:\jdk\jre\lib\ext\sunpkcs11.jar;G:\jdk\jre\lib\ext\zipfs.jar;G:\jdk\jre\lib\javaws.jar;G:\jdk\jre\lib\jce.jar;G:\jdk\jre\lib\jfr.jar;G:\jdk\jre\lib\jfxswt.jar;G:\jdk\jre\lib\jsse.jar;G:\jdk\jre\lib\management-agent.jar;G:\jdk\jre\lib\plugin.jar;G:\jdk\jre\lib\resources.jar;G:\jdk\jre\lib\rt.jar;D:\project\java\jsjxyxt-micro-service\training-service\target\classes;G:\javatools\javatools\apache-maven-3.5.3-bin\LocalWareHouse\org\springframework\boot\spring-boot-starter\2.2.1.RELEASE\spring-boot-starter-2.2.1.RELEASE.jar;G:\javatools\javatools\apache-maven-3.5.3-bin\LocalWareHouse\org\springframework\boot\spring-boot\2.2.1.RELEASE\spring-boot-2.2.1.RELEASE.jar;G:\javatools\javatools\apache-maven-3.5.3-bin\LocalWareHouse\org\springframework\spring-context\5.2.1.RELEASE\spring-context-5.2.1.RELEASE.jar;G:\javatools\javatools\apache-maven-3.5.3-bin\LocalWareHouse\org\springframework\boot\spring-boot-autoconfigure\2.2.1.RELEASE\spring-boot-autoconfigure-2.2.1.RELEASE.jar;G:\javatools\javatools\apache-maven-3.5.3-bin\LocalWareHouse\org\springframework\boot\spring-boot-starter-logging\2.2.1.RELEASE\spring-boot-starter-logging-2.2.1.RELEASE.jar;G:\javatools\javatools\apache-maven-3.5.3-bin\LocalWareHouse\ch\qos\logback\logback-classic\1.2.3\logback-classic-1.2.3.jar;G:\javatools\javatools\apache-maven-3.5.3-bin\LocalWareHouse\ch\qos\logback\logback-core\1.2.3\logback-core-1.2.3.jar;G:\javatools\javatools\apache-maven-3.5.3-bin\LocalWareHouse\org\apache\logging\log4j\log4j-to-slf4j\2.12.1\log4j-to-slf4j-2.12.1.jar;G:\javatools\javatools\apache-maven-3.5.3-bin\LocalWareHouse
Launcher Type: SUN_STANDARD

Environment Variables:
JAVA_HOME=G:\jdk
CLASSPATH=.;G:\jdk\lib\dt.jar;G:\jdk\lib\tools.jar;
PATH=E:\xshell\;F:\Xftp-6.0.0083p\;E:\MyPython\Scripts\;E:\MyPython\;C:\Windows\system32;C:\Windows;C:\Windows\System32\Wbem;C:\Windows\System32\WindowsPowerShell\v1.0\;C:\Program Files (x86)\NVIDIA Corporation\PhysX\Common;C:\WINDOWS\system32;C:\WINDOWS;C:\WINDOWS\System32\Wbem;C:\WINDOWS\System32\WindowsPowerShell\v1.0\;E:\SqlServer2012\SqlServer\Sql32\110\Tools\Binn\;E:\SqlServer2012\SqlServer\Sql64\110\Tools\Binn\;E:\SqlServer2012\SqlServer\Sql64\110\DTS\Binn\;E:\SqlServer2012\SqlServer\Sql32\110\Tools\Binn\ManagementStudio\;E:\SqlServer2012\SqlServer\Sql32\110\DTS\Binn\;G:\Git\cmd;G:\android-sdk_r24.4.1-windows\android-sdk-windows\platform-tools;G:\android-sdk_r24.4.1-windows\android-sdk-windows\tools;G:\javatools\javatools\apache-maven-3.5.3-bin\apache-maven-3.5.3\bin;E:\MyPython\Scripts;G:\jdk\bin;"%SystemRoot\system32;C:\WINDOWS";C:\Program Files (x86)\GtkSharp\2.12\bin;C:\Program Files\Common Files\Autodesk Shared\;G:\nodejs;C:\WINDOWS\System32\OpenSSH\;G:\putty\;G:\NodeJS\;G:\MySql\bin;G:\Redis\;G:\MongoDB\bin;E:\Erlang\erl9.3\bin;E:\SqlServer2012\SqlServer\Sql64\130\Tools\Binn\;E:\gradle-4.9-bin\gradle-4.9\bin;E:\lua\5.1;E:\lua\5.1\clibs;E:\LuaJIT\LuaJIT;C:\Users\hly\AppData\Local\Microsoft\WindowsApps;C:\Program Files\Bandizip\;C:\Users\hly\AppData\Roaming\npm;?G:\MySql\bin;
USERNAME=hly
OS=Windows_NT
PROCESSOR_IDENTIFIER=Intel64 Family 6 Model 142 Stepping 9, GenuineIntel



---------------  S Y S T E M  ---------------

OS: Windows 10.0 , 64 bit Build 18362 (10.0.18362.778)

CPU:total 4 (2 cores per cpu, 2 threads per core) family 6 model 142 stepping 9, cmov, cx8, fxsr, mmx, sse, sse2, sse3, ssse3, sse4.1, sse4.2, popcnt, avx, avx2, aes, clmul, erms, 3dnowpref, lzcnt, ht, tsc, tscinvbit, bmi1, bmi2, adx

Memory: 4k page, physical 8243596k(2315592k free), swap 16107912k(13804k free)

vm_info: Java HotSpot(TM) 64-Bit Server VM (25.65-b01) for windows-amd64 JRE (1.8.0_65-b17), built on Oct  6 2015 16:39:20 by "java_re" with MS VC++ 10.0 (VS2010)

time: Wed Apr 29 20:02:22 2020
elapsed time: 22 seconds (0d 0h 0m 22s)

